<?xml version="1.0" encoding="UTF-8"?>
<testsuite name="com.mindex.challenge.controller.ReportingStructureControllerTest" tests="3" skipped="0" failures="0" errors="0" timestamp="2025-02-05T21:06:10" hostname="Mac" time="0.021">
  <properties/>
  <testcase name="testFullTreeStructure" classname="com.mindex.challenge.controller.ReportingStructureControllerTest" time="0.01"/>
  <testcase name="testOneLevelTreeStructure" classname="com.mindex.challenge.controller.ReportingStructureControllerTest" time="0.006"/>
  <testcase name="testBottomLevelTreeStructure" classname="com.mindex.challenge.controller.ReportingStructureControllerTest" time="0.005"/>
  <system-out><![CDATA[2025-02-05T16:06:10.609-05:00  INFO 5884 --- [    Test worker] t.c.s.AnnotationConfigContextLoaderUtils : Could not detect default configuration classes for test class [com.mindex.challenge.controller.ReportingStructureControllerTest]: ReportingStructureControllerTest does not declare any static, non-private, non-final, nested classes annotated with @Configuration.
2025-02-05T16:06:10.609-05:00  INFO 5884 --- [    Test worker] .b.t.c.SpringBootTestContextBootstrapper : Found @SpringBootConfiguration com.mindex.challenge.ChallengeApplication for test class com.mindex.challenge.controller.ReportingStructureControllerTest
2025-02-05T16:06:10.613-05:00 DEBUG 5884 --- [o-auto-1-exec-9] c.m.c.c.ReportingStructureController     : Received reporting structure read request for id [16a596ae-edd3-4847-99fe-c4518e82c86f]
2025-02-05T16:06:10.614-05:00 DEBUG 5884 --- [o-auto-1-exec-9] c.m.c.service.impl.EmployeeServiceImpl   : Fetching employee with id [16a596ae-edd3-4847-99fe-c4518e82c86f]
2025-02-05T16:06:10.615-05:00 DEBUG 5884 --- [o-auto-1-exec-9] c.m.c.service.impl.EmployeeServiceImpl   : Fetching employee with id [b7839309-3348-463b-a7e3-5de1c168beb3]
2025-02-05T16:06:10.616-05:00 DEBUG 5884 --- [o-auto-1-exec-9] c.m.c.service.impl.EmployeeServiceImpl   : Fetching employee with id [03aa1462-ffa9-4978-901b-7c001562cf6f]
2025-02-05T16:06:10.617-05:00 DEBUG 5884 --- [o-auto-1-exec-9] c.m.c.service.impl.EmployeeServiceImpl   : Fetching employee with id [62c1084e-6e34-4630-93fd-9153afb65309]
2025-02-05T16:06:10.618-05:00 DEBUG 5884 --- [o-auto-1-exec-9] c.m.c.service.impl.EmployeeServiceImpl   : Fetching employee with id [c0c2293d-16bd-4603-8e08-638a9d18b22c]
2025-02-05T16:06:10.622-05:00 DEBUG 5884 --- [-auto-1-exec-10] c.m.c.c.ReportingStructureController     : Received reporting structure read request for id [03aa1462-ffa9-4978-901b-7c001562cf6f]
2025-02-05T16:06:10.622-05:00 DEBUG 5884 --- [-auto-1-exec-10] c.m.c.service.impl.EmployeeServiceImpl   : Fetching employee with id [03aa1462-ffa9-4978-901b-7c001562cf6f]
2025-02-05T16:06:10.623-05:00 DEBUG 5884 --- [-auto-1-exec-10] c.m.c.service.impl.EmployeeServiceImpl   : Fetching employee with id [62c1084e-6e34-4630-93fd-9153afb65309]
2025-02-05T16:06:10.624-05:00 DEBUG 5884 --- [-auto-1-exec-10] c.m.c.service.impl.EmployeeServiceImpl   : Fetching employee with id [c0c2293d-16bd-4603-8e08-638a9d18b22c]
2025-02-05T16:06:10.628-05:00 DEBUG 5884 --- [o-auto-1-exec-1] c.m.c.c.ReportingStructureController     : Received reporting structure read request for id [b7839309-3348-463b-a7e3-5de1c168beb3]
2025-02-05T16:06:10.628-05:00 DEBUG 5884 --- [o-auto-1-exec-1] c.m.c.service.impl.EmployeeServiceImpl   : Fetching employee with id [b7839309-3348-463b-a7e3-5de1c168beb3]
]]></system-out>
  <system-err><![CDATA[]]></system-err>
</testsuite>
