<?xml version="1.0" encoding="UTF-8"?>
<testsuite name="com.mindex.challenge.controller.CompensationControllerTest" tests="1" skipped="0" failures="0" errors="0" timestamp="2025-02-05T20:15:04" hostname="Mac" time="0.072">
  <properties/>
  <testcase name="testSettingCompensationAndGettingAgain" classname="com.mindex.challenge.controller.CompensationControllerTest" time="0.072"/>
  <system-out><![CDATA[2025-02-05T15:15:04.257-05:00  INFO 4821 --- [    Test worker] t.c.s.AnnotationConfigContextLoaderUtils : Could not detect default configuration classes for test class [com.mindex.challenge.controller.CompensationControllerTest]: CompensationControllerTest does not declare any static, non-private, non-final, nested classes annotated with @Configuration.
2025-02-05T15:15:04.261-05:00  INFO 4821 --- [    Test worker] .b.t.c.SpringBootTestContextBootstrapper : Found @SpringBootConfiguration com.mindex.challenge.ChallengeApplication for test class com.mindex.challenge.controller.CompensationControllerTest

  .   ____          _            __ _ _
 /\\ / ___'_ __ _ _(_)_ __  __ _ \ \ \ \
( ( )\___ | '_ | '_| | '_ \/ _` | \ \ \ \
 \\/  ___)| |_)| | | | | || (_| |  ) ) ) )
  '  |____| .__|_| |_|_| |_\__, | / / / /
 =========|_|==============|___/=/_/_/_/
 :: Spring Boot ::                (v3.2.3)

2025-02-05T15:15:04.270-05:00  INFO 4821 --- [    Test worker] c.m.c.c.CompensationControllerTest       : Starting CompensationControllerTest using Java 21.0.6 with PID 4821 (started by ameliamcmullen in /Users/ameliamcmullen/mindex-code-challenge)
2025-02-05T15:15:04.270-05:00 DEBUG 4821 --- [    Test worker] c.m.c.c.CompensationControllerTest       : Running with Spring Boot v3.2.3, Spring v6.1.4
2025-02-05T15:15:04.270-05:00  INFO 4821 --- [    Test worker] c.m.c.c.CompensationControllerTest       : No active profile set, falling back to 1 default profile: "default"
2025-02-05T15:15:04.297-05:00  INFO 4821 --- [    Test worker] .s.d.r.c.RepositoryConfigurationDelegate : Bootstrapping Spring Data MongoDB repositories in DEFAULT mode.
2025-02-05T15:15:04.298-05:00  INFO 4821 --- [    Test worker] .s.d.r.c.RepositoryConfigurationDelegate : Finished Spring Data repository scanning in 1 ms. Found 1 MongoDB repository interface.
2025-02-05T15:15:04.352-05:00  INFO 4821 --- [    Test worker] o.s.b.w.embedded.tomcat.TomcatWebServer  : Tomcat initialized with port 0 (http)
2025-02-05T15:15:04.356-05:00  INFO 4821 --- [    Test worker] o.apache.catalina.core.StandardService   : Starting service [Tomcat]
2025-02-05T15:15:04.356-05:00  INFO 4821 --- [    Test worker] o.apache.catalina.core.StandardEngine    : Starting Servlet engine: [Apache Tomcat/10.1.19]
2025-02-05T15:15:04.372-05:00  INFO 4821 --- [    Test worker] o.a.c.c.C.[Tomcat].[localhost].[/]       : Initializing Spring embedded WebApplicationContext
2025-02-05T15:15:04.372-05:00  INFO 4821 --- [    Test worker] w.s.c.ServletWebServerApplicationContext : Root WebApplicationContext: initialization completed in 101 ms
2025-02-05T15:15:04.388-05:00  INFO 4821 --- [    Test worker] de.bwaldvogel.mongo.MongoServer          : started MongoServer(port: 53228, ssl: false)
2025-02-05T15:15:04.390-05:00  INFO 4821 --- [    Test worker] org.mongodb.driver.client                : MongoClient with metadata {"driver": {"name": "mongo-java-driver|sync", "version": "4.11.1"}, "os": {"type": "Darwin", "name": "Mac OS X", "architecture": "aarch64", "version": "15.3"}, "platform": "Java/Amazon.com Inc./21.0.6+7-LTS"} created with settings MongoClientSettings{readPreference=primary, writeConcern=WriteConcern{w=null, wTimeout=null ms, journal=null}, retryWrites=true, retryReads=true, readConcern=ReadConcern{level=null}, credential=null, transportSettings=null, streamFactoryFactory=null, commandListeners=[], codecRegistry=ProvidersCodecRegistry{codecProviders=[ValueCodecProvider{}, BsonValueCodecProvider{}, DBRefCodecProvider{}, DBObjectCodecProvider{}, DocumentCodecProvider{}, CollectionCodecProvider{}, IterableCodecProvider{}, MapCodecProvider{}, GeoJsonCodecProvider{}, GridFSFileCodecProvider{}, Jsr310CodecProvider{}, JsonObjectCodecProvider{}, BsonCodecProvider{}, EnumCodecProvider{}, com.mongodb.client.model.mql.ExpressionCodecProvider@64aeaf29, com.mongodb.Jep395RecordCodecProvider@1e3df614, com.mongodb.KotlinCodecProvider@6579cdbb]}, loggerSettings=LoggerSettings{maxDocumentLength=1000}, clusterSettings={hosts=[localhost:53228], srvServiceName=mongodb, mode=SINGLE, requiredClusterType=UNKNOWN, requiredReplicaSetName='null', serverSelector='null', clusterListeners='[]', serverSelectionTimeout='30000 ms', localThreshold='15 ms'}, socketSettings=SocketSettings{connectTimeoutMS=10000, readTimeoutMS=0, receiveBufferSize=0, proxySettings=ProxySettings{host=null, port=null, username=null, password=null}}, heartbeatSocketSettings=SocketSettings{connectTimeoutMS=10000, readTimeoutMS=10000, receiveBufferSize=0, proxySettings=ProxySettings{host=null, port=null, username=null, password=null}}, connectionPoolSettings=ConnectionPoolSettings{maxSize=100, minSize=0, maxWaitTimeMS=120000, maxConnectionLifeTimeMS=0, maxConnectionIdleTimeMS=0, maintenanceInitialDelayMS=0, maintenanceFrequencyMS=60000, connectionPoolListeners=[], maxConnecting=2}, serverSettings=ServerSettings{heartbeatFrequencyMS=10000, minHeartbeatFrequencyMS=500, serverListeners='[]', serverMonitorListeners='[]'}, sslSettings=SslSettings{enabled=false, invalidHostNameAllowed=false, context=null}, applicationName='null', compressorList=[], uuidRepresentation=UNSPECIFIED, serverApi=null, autoEncryptionSettings=null, dnsClient=null, inetAddressResolver=null, contextProvider=null}
2025-02-05T15:15:04.391-05:00  INFO 4821 --- [-server-worker2] d.b.mongo.wire.MongoWireProtocolHandler  : client [id: 0x56bd842a, L:/127.0.0.1:53228 - R:/127.0.0.1:53230] connected
2025-02-05T15:15:04.391-05:00  INFO 4821 --- [-server-worker1] d.b.mongo.wire.MongoWireProtocolHandler  : client [id: 0x8bd167e9, L:/127.0.0.1:53228 - R:/127.0.0.1:53229] connected
2025-02-05T15:15:04.394-05:00  INFO 4821 --- [localhost:53228] org.mongodb.driver.cluster               : Monitor thread successfully connected to server with description ServerDescription{address=localhost:53228, type=STANDALONE, state=CONNECTED, ok=true, minWireVersion=0, maxWireVersion=6, maxDocumentSize=16777216, logicalSessionTimeoutMinutes=null, roundTripTimeNanos=3906041}
2025-02-05T15:15:04.410-05:00  INFO 4821 --- [-server-worker3] d.b.mongo.wire.MongoWireProtocolHandler  : client [id: 0xf6517154, L:/127.0.0.1:53228 - R:/127.0.0.1:53231] connected
2025-02-05T15:15:04.411-05:00  INFO 4821 --- [-server-worker3] d.b.mongo.backend.AbstractMongoBackend   : created database test
2025-02-05T15:15:04.411-05:00  INFO 4821 --- [-server-worker3] d.b.mongo.backend.AbstractMongoDatabase  : adding unique _id index for collection employee
2025-02-05T15:15:04.411-05:00  INFO 4821 --- [-server-worker3] d.b.mongo.backend.AbstractMongoDatabase  : created collection test.employee
2025-02-05T15:15:04.446-05:00  INFO 4821 --- [    Test worker] o.s.b.w.embedded.tomcat.TomcatWebServer  : Tomcat started on port 53232 (http) with context path ''
2025-02-05T15:15:04.447-05:00  INFO 4821 --- [    Test worker] c.m.c.c.CompensationControllerTest       : Started CompensationControllerTest in 0.185 seconds (process running for 1.586)
2025-02-05T15:15:04.476-05:00  INFO 4821 --- [o-auto-1-exec-1] o.a.c.c.C.[Tomcat].[localhost].[/]       : Initializing Spring DispatcherServlet 'dispatcherServlet'
2025-02-05T15:15:04.476-05:00  INFO 4821 --- [o-auto-1-exec-1] o.s.web.servlet.DispatcherServlet        : Initializing Servlet 'dispatcherServlet'
2025-02-05T15:15:04.476-05:00  INFO 4821 --- [o-auto-1-exec-1] o.s.web.servlet.DispatcherServlet        : Completed initialization in 0 ms
2025-02-05T15:15:04.489-05:00 DEBUG 4821 --- [o-auto-1-exec-1] c.m.c.controller.EmployeeController      : Received employee read request for id [16a596ae-edd3-4847-99fe-c4518e82c86f]
2025-02-05T15:15:04.489-05:00 DEBUG 4821 --- [o-auto-1-exec-1] c.m.c.service.impl.EmployeeServiceImpl   : Fetching employee with id [16a596ae-edd3-4847-99fe-c4518e82c86f]
2025-02-05T15:15:04.508-05:00 DEBUG 4821 --- [o-auto-1-exec-2] c.m.c.controller.CompensationController  : Received compensation request for id [16a596ae-edd3-4847-99fe-c4518e82c86f] and compensation [com.mindex.challenge.data.Compensation@4dcc7834]
2025-02-05T15:15:04.508-05:00 DEBUG 4821 --- [o-auto-1-exec-2] c.m.c.service.impl.EmployeeServiceImpl   : Fetching employee with id [16a596ae-edd3-4847-99fe-c4518e82c86f]
2025-02-05T15:15:04.510-05:00 DEBUG 4821 --- [o-auto-1-exec-2] c.m.c.service.impl.EmployeeServiceImpl   : Updating employee [com.mindex.challenge.data.Employee@725285fe]
2025-02-05T15:15:04.510-05:00 DEBUG 4821 --- [o-auto-1-exec-2] c.m.c.service.impl.EmployeeServiceImpl   : Fetching employee with id [16a596ae-edd3-4847-99fe-c4518e82c86f]
2025-02-05T15:15:04.517-05:00 DEBUG 4821 --- [o-auto-1-exec-3] c.m.c.controller.EmployeeController      : Received employee read request for id [16a596ae-edd3-4847-99fe-c4518e82c86f]
2025-02-05T15:15:04.517-05:00 DEBUG 4821 --- [o-auto-1-exec-3] c.m.c.service.impl.EmployeeServiceImpl   : Fetching employee with id [16a596ae-edd3-4847-99fe-c4518e82c86f]
]]></system-out>
  <system-err><![CDATA[]]></system-err>
</testsuite>
