<?xml version="1.0" encoding="UTF-8"?>
<testsuite name="com.mindex.challenge.controller.CompensationControllerTest" tests="1" skipped="0" failures="0" errors="0" timestamp="2025-02-05T21:06:10" hostname="Mac" time="0.079">
  <properties/>
  <testcase name="testSettingCompensationAndGettingAgain" classname="com.mindex.challenge.controller.CompensationControllerTest" time="0.079"/>
  <system-out><![CDATA[2025-02-05T16:06:10.297-05:00  INFO 5884 --- [    Test worker] t.c.s.AnnotationConfigContextLoaderUtils : Could not detect default configuration classes for test class [com.mindex.challenge.controller.CompensationControllerTest]: CompensationControllerTest does not declare any static, non-private, non-final, nested classes annotated with @Configuration.
2025-02-05T16:06:10.300-05:00  INFO 5884 --- [    Test worker] .b.t.c.SpringBootTestContextBootstrapper : Found @SpringBootConfiguration com.mindex.challenge.ChallengeApplication for test class com.mindex.challenge.controller.CompensationControllerTest

  .   ____          _            __ _ _
 /\\ / ___'_ __ _ _(_)_ __  __ _ \ \ \ \
( ( )\___ | '_ | '_| | '_ \/ _` | \ \ \ \
 \\/  ___)| |_)| | | | | || (_| |  ) ) ) )
  '  |____| .__|_| |_|_| |_\__, | / / / /
 =========|_|==============|___/=/_/_/_/
 :: Spring Boot ::                (v3.2.3)

2025-02-05T16:06:10.309-05:00  INFO 5884 --- [    Test worker] c.m.c.c.CompensationControllerTest       : Starting CompensationControllerTest using Java 21.0.6 with PID 5884 (started by ameliamcmullen in /Users/ameliamcmullen/test/mindex-code-challenge)
2025-02-05T16:06:10.309-05:00 DEBUG 5884 --- [    Test worker] c.m.c.c.CompensationControllerTest       : Running with Spring Boot v3.2.3, Spring v6.1.4
2025-02-05T16:06:10.309-05:00  INFO 5884 --- [    Test worker] c.m.c.c.CompensationControllerTest       : No active profile set, falling back to 1 default profile: "default"
2025-02-05T16:06:10.338-05:00  INFO 5884 --- [    Test worker] .s.d.r.c.RepositoryConfigurationDelegate : Bootstrapping Spring Data MongoDB repositories in DEFAULT mode.
2025-02-05T16:06:10.339-05:00  INFO 5884 --- [    Test worker] .s.d.r.c.RepositoryConfigurationDelegate : Finished Spring Data repository scanning in 1 ms. Found 1 MongoDB repository interface.
2025-02-05T16:06:10.395-05:00  INFO 5884 --- [    Test worker] o.s.b.w.embedded.tomcat.TomcatWebServer  : Tomcat initialized with port 0 (http)
2025-02-05T16:06:10.399-05:00  INFO 5884 --- [    Test worker] o.apache.catalina.core.StandardService   : Starting service [Tomcat]
2025-02-05T16:06:10.399-05:00  INFO 5884 --- [    Test worker] o.apache.catalina.core.StandardEngine    : Starting Servlet engine: [Apache Tomcat/10.1.19]
2025-02-05T16:06:10.414-05:00  INFO 5884 --- [    Test worker] o.a.c.c.C.[Tomcat].[localhost].[/]       : Initializing Spring embedded WebApplicationContext
2025-02-05T16:06:10.414-05:00  INFO 5884 --- [    Test worker] w.s.c.ServletWebServerApplicationContext : Root WebApplicationContext: initialization completed in 104 ms
2025-02-05T16:06:10.433-05:00  INFO 5884 --- [    Test worker] de.bwaldvogel.mongo.MongoServer          : started MongoServer(port: 54812, ssl: false)
2025-02-05T16:06:10.435-05:00  INFO 5884 --- [    Test worker] org.mongodb.driver.client                : MongoClient with metadata {"driver": {"name": "mongo-java-driver|sync", "version": "4.11.1"}, "os": {"type": "Darwin", "name": "Mac OS X", "architecture": "aarch64", "version": "15.3"}, "platform": "Java/Amazon.com Inc./21.0.6+7-LTS"} created with settings MongoClientSettings{readPreference=primary, writeConcern=WriteConcern{w=null, wTimeout=null ms, journal=null}, retryWrites=true, retryReads=true, readConcern=ReadConcern{level=null}, credential=null, transportSettings=null, streamFactoryFactory=null, commandListeners=[], codecRegistry=ProvidersCodecRegistry{codecProviders=[ValueCodecProvider{}, BsonValueCodecProvider{}, DBRefCodecProvider{}, DBObjectCodecProvider{}, DocumentCodecProvider{}, CollectionCodecProvider{}, IterableCodecProvider{}, MapCodecProvider{}, GeoJsonCodecProvider{}, GridFSFileCodecProvider{}, Jsr310CodecProvider{}, JsonObjectCodecProvider{}, BsonCodecProvider{}, EnumCodecProvider{}, com.mongodb.client.model.mql.ExpressionCodecProvider@6f6efa4f, com.mongodb.Jep395RecordCodecProvider@4451f60c, com.mongodb.KotlinCodecProvider@6b357eb6]}, loggerSettings=LoggerSettings{maxDocumentLength=1000}, clusterSettings={hosts=[localhost:54812], srvServiceName=mongodb, mode=SINGLE, requiredClusterType=UNKNOWN, requiredReplicaSetName='null', serverSelector='null', clusterListeners='[]', serverSelectionTimeout='30000 ms', localThreshold='15 ms'}, socketSettings=SocketSettings{connectTimeoutMS=10000, readTimeoutMS=0, receiveBufferSize=0, proxySettings=ProxySettings{host=null, port=null, username=null, password=null}}, heartbeatSocketSettings=SocketSettings{connectTimeoutMS=10000, readTimeoutMS=10000, receiveBufferSize=0, proxySettings=ProxySettings{host=null, port=null, username=null, password=null}}, connectionPoolSettings=ConnectionPoolSettings{maxSize=100, minSize=0, maxWaitTimeMS=120000, maxConnectionLifeTimeMS=0, maxConnectionIdleTimeMS=0, maintenanceInitialDelayMS=0, maintenanceFrequencyMS=60000, connectionPoolListeners=[], maxConnecting=2}, serverSettings=ServerSettings{heartbeatFrequencyMS=10000, minHeartbeatFrequencyMS=500, serverListeners='[]', serverMonitorListeners='[]'}, sslSettings=SslSettings{enabled=false, invalidHostNameAllowed=false, context=null}, applicationName='null', compressorList=[], uuidRepresentation=UNSPECIFIED, serverApi=null, autoEncryptionSettings=null, dnsClient=null, inetAddressResolver=null, contextProvider=null}
2025-02-05T16:06:10.435-05:00  INFO 5884 --- [-server-worker1] d.b.mongo.wire.MongoWireProtocolHandler  : client [id: 0x1880f8ea, L:/127.0.0.1:54812 - R:/127.0.0.1:54813] connected
2025-02-05T16:06:10.436-05:00  INFO 5884 --- [-server-worker2] d.b.mongo.wire.MongoWireProtocolHandler  : client [id: 0x6aa9f221, L:/127.0.0.1:54812 - R:/127.0.0.1:54814] connected
2025-02-05T16:06:10.437-05:00  INFO 5884 --- [localhost:54812] org.mongodb.driver.cluster               : Monitor thread successfully connected to server with description ServerDescription{address=localhost:54812, type=STANDALONE, state=CONNECTED, ok=true, minWireVersion=0, maxWireVersion=6, maxDocumentSize=16777216, logicalSessionTimeoutMinutes=null, roundTripTimeNanos=1859375}
2025-02-05T16:06:10.455-05:00  INFO 5884 --- [-server-worker3] d.b.mongo.wire.MongoWireProtocolHandler  : client [id: 0x0171fa2c, L:/127.0.0.1:54812 - R:/127.0.0.1:54815] connected
2025-02-05T16:06:10.457-05:00  INFO 5884 --- [-server-worker3] d.b.mongo.backend.AbstractMongoBackend   : created database test
2025-02-05T16:06:10.457-05:00  INFO 5884 --- [-server-worker3] d.b.mongo.backend.AbstractMongoDatabase  : adding unique _id index for collection employee
2025-02-05T16:06:10.457-05:00  INFO 5884 --- [-server-worker3] d.b.mongo.backend.AbstractMongoDatabase  : created collection test.employee
2025-02-05T16:06:10.492-05:00  INFO 5884 --- [    Test worker] o.s.b.w.embedded.tomcat.TomcatWebServer  : Tomcat started on port 54816 (http) with context path ''
2025-02-05T16:06:10.494-05:00  INFO 5884 --- [    Test worker] c.m.c.c.CompensationControllerTest       : Started CompensationControllerTest in 0.192 seconds (process running for 1.518)
2025-02-05T16:06:10.528-05:00  INFO 5884 --- [o-auto-1-exec-1] o.a.c.c.C.[Tomcat].[localhost].[/]       : Initializing Spring DispatcherServlet 'dispatcherServlet'
2025-02-05T16:06:10.528-05:00  INFO 5884 --- [o-auto-1-exec-1] o.s.web.servlet.DispatcherServlet        : Initializing Servlet 'dispatcherServlet'
2025-02-05T16:06:10.529-05:00  INFO 5884 --- [o-auto-1-exec-1] o.s.web.servlet.DispatcherServlet        : Completed initialization in 0 ms
2025-02-05T16:06:10.543-05:00 DEBUG 5884 --- [o-auto-1-exec-1] c.m.c.controller.EmployeeController      : Received employee read request for id [16a596ae-edd3-4847-99fe-c4518e82c86f]
2025-02-05T16:06:10.543-05:00 DEBUG 5884 --- [o-auto-1-exec-1] c.m.c.service.impl.EmployeeServiceImpl   : Fetching employee with id [16a596ae-edd3-4847-99fe-c4518e82c86f]
2025-02-05T16:06:10.562-05:00 DEBUG 5884 --- [o-auto-1-exec-2] c.m.c.controller.CompensationController  : Received compensation request for id [16a596ae-edd3-4847-99fe-c4518e82c86f] and compensation [com.mindex.challenge.data.Compensation@5c484ef2]
2025-02-05T16:06:10.562-05:00 DEBUG 5884 --- [o-auto-1-exec-2] c.m.c.service.impl.EmployeeServiceImpl   : Fetching employee with id [16a596ae-edd3-4847-99fe-c4518e82c86f]
2025-02-05T16:06:10.564-05:00 DEBUG 5884 --- [o-auto-1-exec-2] c.m.c.service.impl.EmployeeServiceImpl   : Updating employee [com.mindex.challenge.data.Employee@5a633a16]
2025-02-05T16:06:10.564-05:00 DEBUG 5884 --- [o-auto-1-exec-2] c.m.c.service.impl.EmployeeServiceImpl   : Fetching employee with id [16a596ae-edd3-4847-99fe-c4518e82c86f]
2025-02-05T16:06:10.571-05:00 DEBUG 5884 --- [o-auto-1-exec-3] c.m.c.controller.EmployeeController      : Received employee read request for id [16a596ae-edd3-4847-99fe-c4518e82c86f]
2025-02-05T16:06:10.571-05:00 DEBUG 5884 --- [o-auto-1-exec-3] c.m.c.service.impl.EmployeeServiceImpl   : Fetching employee with id [16a596ae-edd3-4847-99fe-c4518e82c86f]
]]></system-out>
  <system-err><![CDATA[]]></system-err>
</testsuite>
