<?xml version="1.0" encoding="UTF-8"?>
<testsuite name="com.mindex.challenge.service.impl.EmployeeServiceImplTest" tests="1" skipped="0" failures="0" errors="0" timestamp="2025-02-05T20:15:04" hostname="Mac" time="0.011">
  <properties/>
  <testcase name="testCreateReadUpdate" classname="com.mindex.challenge.service.impl.EmployeeServiceImplTest" time="0.011"/>
  <system-out><![CDATA[2025-02-05T15:15:04.573-05:00  INFO 4821 --- [    Test worker] t.c.s.AnnotationConfigContextLoaderUtils : Could not detect default configuration classes for test class [com.mindex.challenge.service.impl.EmployeeServiceImplTest]: EmployeeServiceImplTest does not declare any static, non-private, non-final, nested classes annotated with @Configuration.
2025-02-05T15:15:04.576-05:00  INFO 4821 --- [    Test worker] .b.t.c.SpringBootTestContextBootstrapper : Found @SpringBootConfiguration com.mindex.challenge.ChallengeApplication for test class com.mindex.challenge.service.impl.EmployeeServiceImplTest
2025-02-05T15:15:04.580-05:00 DEBUG 4821 --- [o-auto-1-exec-2] c.m.c.controller.EmployeeController      : Received employee create request for [com.mindex.challenge.data.Employee@4d564ee0]
2025-02-05T15:15:04.580-05:00 DEBUG 4821 --- [o-auto-1-exec-2] c.m.c.service.impl.EmployeeServiceImpl   : Creating employee [com.mindex.challenge.data.Employee@4d564ee0]
2025-02-05T15:15:04.583-05:00 DEBUG 4821 --- [o-auto-1-exec-3] c.m.c.controller.EmployeeController      : Received employee read request for id [ce466f70-514b-4e2f-a322-f8bcf5961af4]
2025-02-05T15:15:04.583-05:00 DEBUG 4821 --- [o-auto-1-exec-3] c.m.c.service.impl.EmployeeServiceImpl   : Fetching employee with id [ce466f70-514b-4e2f-a322-f8bcf5961af4]
2025-02-05T15:15:04.585-05:00 DEBUG 4821 --- [o-auto-1-exec-4] c.m.c.controller.EmployeeController      : Received employee updat3e request for id [ce466f70-514b-4e2f-a322-f8bcf5961af4] and employee [com.mindex.challenge.data.Employee@570e360b]
2025-02-05T15:15:04.585-05:00 DEBUG 4821 --- [o-auto-1-exec-4] c.m.c.service.impl.EmployeeServiceImpl   : Updating employee [com.mindex.challenge.data.Employee@570e360b]
2025-02-05T15:15:04.585-05:00 DEBUG 4821 --- [o-auto-1-exec-4] c.m.c.service.impl.EmployeeServiceImpl   : Fetching employee with id [ce466f70-514b-4e2f-a322-f8bcf5961af4]
]]></system-out>
  <system-err><![CDATA[]]></system-err>
</testsuite>
