<?xml version="1.0" encoding="UTF-8"?>
<testsuite name="com.mindex.challenge.controller.CompensationControllerTest" tests="1" skipped="0" failures="0" errors="0" timestamp="2025-02-05T21:23:32" hostname="Mac" time="0.072">
  <properties/>
  <testcase name="testSettingCompensationAndGettingAgain" classname="com.mindex.challenge.controller.CompensationControllerTest" time="0.072"/>
  <system-out><![CDATA[2025-02-05T16:23:32.197-05:00  INFO 6184 --- [    Test worker] t.c.s.AnnotationConfigContextLoaderUtils : Could not detect default configuration classes for test class [com.mindex.challenge.controller.CompensationControllerTest]: CompensationControllerTest does not declare any static, non-private, non-final, nested classes annotated with @Configuration.
2025-02-05T16:23:32.200-05:00  INFO 6184 --- [    Test worker] .b.t.c.SpringBootTestContextBootstrapper : Found @SpringBootConfiguration com.mindex.challenge.ChallengeApplication for test class com.mindex.challenge.controller.CompensationControllerTest

  .   ____          _            __ _ _
 /\\ / ___'_ __ _ _(_)_ __  __ _ \ \ \ \
( ( )\___ | '_ | '_| | '_ \/ _` | \ \ \ \
 \\/  ___)| |_)| | | | | || (_| |  ) ) ) )
  '  |____| .__|_| |_|_| |_\__, | / / / /
 =========|_|==============|___/=/_/_/_/
 :: Spring Boot ::                (v3.2.3)

2025-02-05T16:23:32.212-05:00  INFO 6184 --- [    Test worker] c.m.c.c.CompensationControllerTest       : Starting CompensationControllerTest using Java 21.0.6 with PID 6184 (started by ameliamcmullen in /Users/ameliamcmullen/test/mindex-code-challenge)
2025-02-05T16:23:32.212-05:00 DEBUG 6184 --- [    Test worker] c.m.c.c.CompensationControllerTest       : Running with Spring Boot v3.2.3, Spring v6.1.4
2025-02-05T16:23:32.212-05:00  INFO 6184 --- [    Test worker] c.m.c.c.CompensationControllerTest       : No active profile set, falling back to 1 default profile: "default"
2025-02-05T16:23:32.239-05:00  INFO 6184 --- [    Test worker] .s.d.r.c.RepositoryConfigurationDelegate : Bootstrapping Spring Data MongoDB repositories in DEFAULT mode.
2025-02-05T16:23:32.240-05:00  INFO 6184 --- [    Test worker] .s.d.r.c.RepositoryConfigurationDelegate : Finished Spring Data repository scanning in 1 ms. Found 1 MongoDB repository interface.
2025-02-05T16:23:32.296-05:00  INFO 6184 --- [    Test worker] o.s.b.w.embedded.tomcat.TomcatWebServer  : Tomcat initialized with port 0 (http)
2025-02-05T16:23:32.300-05:00  INFO 6184 --- [    Test worker] o.apache.catalina.core.StandardService   : Starting service [Tomcat]
2025-02-05T16:23:32.300-05:00  INFO 6184 --- [    Test worker] o.apache.catalina.core.StandardEngine    : Starting Servlet engine: [Apache Tomcat/10.1.19]
2025-02-05T16:23:32.316-05:00  INFO 6184 --- [    Test worker] o.a.c.c.C.[Tomcat].[localhost].[/]       : Initializing Spring embedded WebApplicationContext
2025-02-05T16:23:32.317-05:00  INFO 6184 --- [    Test worker] w.s.c.ServletWebServerApplicationContext : Root WebApplicationContext: initialization completed in 104 ms
2025-02-05T16:23:32.332-05:00  INFO 6184 --- [    Test worker] de.bwaldvogel.mongo.MongoServer          : started MongoServer(port: 54937, ssl: false)
2025-02-05T16:23:32.335-05:00  INFO 6184 --- [    Test worker] org.mongodb.driver.client                : MongoClient with metadata {"driver": {"name": "mongo-java-driver|sync", "version": "4.11.1"}, "os": {"type": "Darwin", "name": "Mac OS X", "architecture": "aarch64", "version": "15.3"}, "platform": "Java/Amazon.com Inc./21.0.6+7-LTS"} created with settings MongoClientSettings{readPreference=primary, writeConcern=WriteConcern{w=null, wTimeout=null ms, journal=null}, retryWrites=true, retryReads=true, readConcern=ReadConcern{level=null}, credential=null, transportSettings=null, streamFactoryFactory=null, commandListeners=[], codecRegistry=ProvidersCodecRegistry{codecProviders=[ValueCodecProvider{}, BsonValueCodecProvider{}, DBRefCodecProvider{}, DBObjectCodecProvider{}, DocumentCodecProvider{}, CollectionCodecProvider{}, IterableCodecProvider{}, MapCodecProvider{}, GeoJsonCodecProvider{}, GridFSFileCodecProvider{}, Jsr310CodecProvider{}, JsonObjectCodecProvider{}, BsonCodecProvider{}, EnumCodecProvider{}, com.mongodb.client.model.mql.ExpressionCodecProvider@fd413fb, com.mongodb.Jep395RecordCodecProvider@1e1232cf, com.mongodb.KotlinCodecProvider@6f6efa4f]}, loggerSettings=LoggerSettings{maxDocumentLength=1000}, clusterSettings={hosts=[localhost:54937], srvServiceName=mongodb, mode=SINGLE, requiredClusterType=UNKNOWN, requiredReplicaSetName='null', serverSelector='null', clusterListeners='[]', serverSelectionTimeout='30000 ms', localThreshold='15 ms'}, socketSettings=SocketSettings{connectTimeoutMS=10000, readTimeoutMS=0, receiveBufferSize=0, proxySettings=ProxySettings{host=null, port=null, username=null, password=null}}, heartbeatSocketSettings=SocketSettings{connectTimeoutMS=10000, readTimeoutMS=10000, receiveBufferSize=0, proxySettings=ProxySettings{host=null, port=null, username=null, password=null}}, connectionPoolSettings=ConnectionPoolSettings{maxSize=100, minSize=0, maxWaitTimeMS=120000, maxConnectionLifeTimeMS=0, maxConnectionIdleTimeMS=0, maintenanceInitialDelayMS=0, maintenanceFrequencyMS=60000, connectionPoolListeners=[], maxConnecting=2}, serverSettings=ServerSettings{heartbeatFrequencyMS=10000, minHeartbeatFrequencyMS=500, serverListeners='[]', serverMonitorListeners='[]'}, sslSettings=SslSettings{enabled=false, invalidHostNameAllowed=false, context=null}, applicationName='null', compressorList=[], uuidRepresentation=UNSPECIFIED, serverApi=null, autoEncryptionSettings=null, dnsClient=null, inetAddressResolver=null, contextProvider=null}
2025-02-05T16:23:32.335-05:00  INFO 6184 --- [-server-worker1] d.b.mongo.wire.MongoWireProtocolHandler  : client [id: 0x606d3ea9, L:/127.0.0.1:54937 - R:/127.0.0.1:54938] connected
2025-02-05T16:23:32.335-05:00  INFO 6184 --- [-server-worker2] d.b.mongo.wire.MongoWireProtocolHandler  : client [id: 0xba8d01d6, L:/127.0.0.1:54937 - R:/127.0.0.1:54939] connected
2025-02-05T16:23:32.337-05:00  INFO 6184 --- [localhost:54937] org.mongodb.driver.cluster               : Monitor thread successfully connected to server with description ServerDescription{address=localhost:54937, type=STANDALONE, state=CONNECTED, ok=true, minWireVersion=0, maxWireVersion=6, maxDocumentSize=16777216, logicalSessionTimeoutMinutes=null, roundTripTimeNanos=1795584}
2025-02-05T16:23:32.354-05:00  INFO 6184 --- [-server-worker3] d.b.mongo.wire.MongoWireProtocolHandler  : client [id: 0x68499d22, L:/127.0.0.1:54937 - R:/127.0.0.1:54940] connected
2025-02-05T16:23:32.356-05:00  INFO 6184 --- [-server-worker3] d.b.mongo.backend.AbstractMongoBackend   : created database test
2025-02-05T16:23:32.356-05:00  INFO 6184 --- [-server-worker3] d.b.mongo.backend.AbstractMongoDatabase  : adding unique _id index for collection employee
2025-02-05T16:23:32.356-05:00  INFO 6184 --- [-server-worker3] d.b.mongo.backend.AbstractMongoDatabase  : created collection test.employee
2025-02-05T16:23:32.391-05:00  INFO 6184 --- [    Test worker] o.s.b.w.embedded.tomcat.TomcatWebServer  : Tomcat started on port 54941 (http) with context path ''
2025-02-05T16:23:32.392-05:00  INFO 6184 --- [    Test worker] c.m.c.c.CompensationControllerTest       : Started CompensationControllerTest in 0.19 seconds (process running for 1.603)
2025-02-05T16:23:32.422-05:00  INFO 6184 --- [o-auto-1-exec-1] o.a.c.c.C.[Tomcat].[localhost].[/]       : Initializing Spring DispatcherServlet 'dispatcherServlet'
2025-02-05T16:23:32.423-05:00  INFO 6184 --- [o-auto-1-exec-1] o.s.web.servlet.DispatcherServlet        : Initializing Servlet 'dispatcherServlet'
2025-02-05T16:23:32.423-05:00  INFO 6184 --- [o-auto-1-exec-1] o.s.web.servlet.DispatcherServlet        : Completed initialization in 0 ms
2025-02-05T16:23:32.434-05:00 DEBUG 6184 --- [o-auto-1-exec-1] c.m.c.controller.EmployeeController      : Received employee read request for id [16a596ae-edd3-4847-99fe-c4518e82c86f]
2025-02-05T16:23:32.434-05:00 DEBUG 6184 --- [o-auto-1-exec-1] c.m.c.service.impl.EmployeeServiceImpl   : Fetching employee with id [16a596ae-edd3-4847-99fe-c4518e82c86f]
2025-02-05T16:23:32.454-05:00 DEBUG 6184 --- [o-auto-1-exec-2] c.m.c.controller.CompensationController  : Received compensation request for id [16a596ae-edd3-4847-99fe-c4518e82c86f] and compensation [com.mindex.challenge.data.Compensation@2d1d8da6]
2025-02-05T16:23:32.454-05:00 DEBUG 6184 --- [o-auto-1-exec-2] c.m.c.service.impl.EmployeeServiceImpl   : Fetching employee with id [16a596ae-edd3-4847-99fe-c4518e82c86f]
2025-02-05T16:23:32.455-05:00 DEBUG 6184 --- [o-auto-1-exec-2] c.m.c.service.impl.EmployeeServiceImpl   : Updating employee [com.mindex.challenge.data.Employee@17c9f462]
2025-02-05T16:23:32.455-05:00 DEBUG 6184 --- [o-auto-1-exec-2] c.m.c.service.impl.EmployeeServiceImpl   : Fetching employee with id [16a596ae-edd3-4847-99fe-c4518e82c86f]
2025-02-05T16:23:32.462-05:00 DEBUG 6184 --- [o-auto-1-exec-3] c.m.c.controller.EmployeeController      : Received employee read request for id [16a596ae-edd3-4847-99fe-c4518e82c86f]
2025-02-05T16:23:32.462-05:00 DEBUG 6184 --- [o-auto-1-exec-3] c.m.c.service.impl.EmployeeServiceImpl   : Fetching employee with id [16a596ae-edd3-4847-99fe-c4518e82c86f]
]]></system-out>
  <system-err><![CDATA[]]></system-err>
</testsuite>
